<?xml version="1.0" encoding="UTF-8"?>
<!-- Generated by org.testng.reporters.JUnitXMLReporter -->
<testsuite hostname="LAPTOP-VFM9P8ED" ignored="8" name="Default test" tests="3" failures="0" timestamp="19 Nov 2020 10:58:47 GMT" time="82.501" errors="0">
  <testcase name="validatePlaceOrder" time="6.396" classname="com.pgw.qa.testcases.HomePageTest"/>
  <testcase name="validatePlaceOrder" time="6.005" classname="com.pgw.qa.testcases.HomePageTest"/>
  <testcase name="validatePlaceOrder" time="12.206" classname="com.pgw.qa.testcases.HomePageTest"/>
  <testcase name="buyButtonTest" time="0.0" classname="com.pgw.qa.testcases.HomePageTest">
    <ignored/>
  </testcase> <!-- buyButtonTest -->
  <testcase name="productNameTest" time="0.0" classname="com.pgw.qa.testcases.HomePageTest">
    <ignored/>
  </testcase> <!-- productNameTest -->
  <testcase name="quantityTest" time="0.0" classname="com.pgw.qa.testcases.HomePageTest">
    <ignored/>
  </testcase> <!-- quantityTest -->
  <testcase name="productPriceTest" time="0.0" classname="com.pgw.qa.testcases.HomePageTest">
    <ignored/>
  </testcase> <!-- productPriceTest -->
  <testcase name="homePageTitleTest" time="0.0" classname="com.pgw.qa.testcases.HomePageTest">
    <ignored/>
  </testcase> <!-- homePageTitleTest -->
  <testcase name="productCatalogueTest" time="0.0" classname="com.pgw.qa.testcases.HomePageTest">
    <ignored/>
  </testcase> <!-- productCatalogueTest -->
  <testcase name="pgwLogoTest" time="0.0" classname="com.pgw.qa.testcases.HomePageTest">
    <ignored/>
  </testcase> <!-- pgwLogoTest -->
  <testcase name="appLogoTest" time="0.0" classname="com.pgw.qa.testcases.HomePageTest">
    <ignored/>
  </testcase> <!-- appLogoTest -->
</testsuite> <!-- Default test -->
