<?xml version="1.0" encoding="UTF-8"?>
<!-- Generated by org.testng.reporters.JUnitXMLReporter -->
<testsuite hostname="LAPTOP-VFM9P8ED" ignored="4" name="PGW Test01" tests="3" failures="3" timestamp="17 Nov 2020 05:50:56 GMT" time="0.097" errors="0">
  <testcase name="appLogoTest" time="0.017" classname="com.pgw.qa.testcases.HomePageTest">
    <failure type="java.lang.NullPointerException">
      <![CDATA[java.lang.NullPointerException
at com.pgw.qa.testcases.HomePageTest.appLogoTest(HomePageTest.java:31)
... Removed 25 stack frames]]>
    </failure>
  </testcase> <!-- appLogoTest -->
  <testcase name="homePageTitleTest" time="0.001" classname="com.pgw.qa.testcases.HomePageTest">
    <failure type="java.lang.NullPointerException">
      <![CDATA[java.lang.NullPointerException
at com.pgw.qa.testcases.HomePageTest.homePageTitleTest(HomePageTest.java:26)
... Removed 25 stack frames]]>
    </failure>
  </testcase> <!-- homePageTitleTest -->
  <testcase name="pgwLogoTest" time="0.002" classname="com.pgw.qa.testcases.HomePageTest">
    <failure type="java.lang.NullPointerException">
      <![CDATA[java.lang.NullPointerException
at com.pgw.qa.testcases.HomePageTest.pgwLogoTest(HomePageTest.java:36)
... Removed 25 stack frames]]>
    </failure>
  </testcase> <!-- pgwLogoTest -->
  <testcase name="buyButtonTest" time="0.0" classname="com.pgw.qa.testcases.HomePageTest">
    <ignored/>
  </testcase> <!-- buyButtonTest -->
  <testcase name="productNameTest" time="0.0" classname="com.pgw.qa.testcases.HomePageTest">
    <ignored/>
  </testcase> <!-- productNameTest -->
  <testcase name="productPriceTest" time="0.0" classname="com.pgw.qa.testcases.HomePageTest">
    <ignored/>
  </testcase> <!-- productPriceTest -->
  <testcase name="productCatalogueTest" time="0.0" classname="com.pgw.qa.testcases.HomePageTest">
    <ignored/>
  </testcase> <!-- productCatalogueTest -->
</testsuite> <!-- PGW Test01 -->
