<?xml version="1.0" encoding="UTF-8"?>
<!-- Generated by org.testng.reporters.JUnitXMLReporter -->
<testsuite hostname="LAPTOP-VFM9P8ED" ignored="16" name="Test" tests="1" failures="0" timestamp="18 Nov 2020 07:03:56 GMT" time="26.718" errors="0">
  <testcase name="validatePlaceOrder" time="7.219" classname="com.pgw.qa.testcases.HomePageTest"/>
  <testcase name="productNameTest" time="0.0" classname="com.pgw.qa.testcases.HomePageTest">
    <ignored/>
  </testcase> <!-- productNameTest -->
  <testcase name="quantityTest" time="0.0" classname="com.pgw.qa.testcases.HomePageTest">
    <ignored/>
  </testcase> <!-- quantityTest -->
  <testcase name="paymentLableTest" time="0.0" classname="com.pgw.qa.testcases.PaymentProcessPageTest">
    <ignored/>
  </testcase> <!-- paymentLableTest -->
  <testcase name="paymentProcessTest" time="0.0" classname="com.pgw.qa.testcases.PaymentProcessPageTest">
    <ignored/>
  </testcase> <!-- paymentProcessTest -->
  <testcase name="productCatalogueTest" time="0.0" classname="com.pgw.qa.testcases.HomePageTest">
    <ignored/>
  </testcase> <!-- productCatalogueTest -->
  <testcase name="appLogoTest" time="0.0" classname="com.pgw.qa.testcases.HomePageTest">
    <ignored/>
  </testcase> <!-- appLogoTest -->
  <testcase name="orderIdVisibleTest" time="0.0" classname="com.pgw.qa.testcases.OrderIdPageTest">
    <ignored/>
  </testcase> <!-- orderIdVisibleTest -->
  <testcase name="priceTagTest" time="0.0" classname="com.pgw.qa.testcases.PaymentProcessPageTest">
    <ignored/>
  </testcase> <!-- priceTagTest -->
  <testcase name="buyButtonTest" time="0.0" classname="com.pgw.qa.testcases.HomePageTest">
    <ignored/>
  </testcase> <!-- buyButtonTest -->
  <testcase name="ppTitleTest" time="0.0" classname="com.pgw.qa.testcases.PaymentProcessPageTest">
    <ignored/>
  </testcase> <!-- ppTitleTest -->
  <testcase name="productPriceTest" time="0.0" classname="com.pgw.qa.testcases.HomePageTest">
    <ignored/>
  </testcase> <!-- productPriceTest -->
  <testcase name="verifyOrderIdTest" time="0.0" classname="com.pgw.qa.testcases.OrderIdPageTest">
    <ignored/>
  </testcase> <!-- verifyOrderIdTest -->
  <testcase name="backtoHome" time="0.0" classname="com.pgw.qa.testcases.OrderIdPageTest">
    <ignored/>
  </testcase> <!-- backtoHome -->
  <testcase name="homePageTitleTest" time="0.0" classname="com.pgw.qa.testcases.HomePageTest">
    <ignored/>
  </testcase> <!-- homePageTitleTest -->
  <testcase name="pgwLogoTest" time="0.0" classname="com.pgw.qa.testcases.HomePageTest">
    <ignored/>
  </testcase> <!-- pgwLogoTest -->
  <testcase name="successMsgTest" time="0.0" classname="com.pgw.qa.testcases.OrderIdPageTest">
    <ignored/>
  </testcase> <!-- successMsgTest -->
</testsuite> <!-- Test -->
