<?xml version="1.0" encoding="UTF-8"?>
<!-- Generated by org.testng.reporters.JUnitXMLReporter -->
<testsuite hostname="LAPTOP-VFM9P8ED" ignored="16" name="Test" tests="1" failures="1" timestamp="19 Nov 2020 08:44:27 GMT" time="0.068" errors="0">
  <testcase name="validatePlaceOrder" time="0.0" classname="com.pgw.qa.testcases.HomePageTest">
    <failure type="org.testng.TestNGException" message="
Some DataProvider public java.lang.Object[][] com.pgw.qa.testcases.HomePageTest.getPGWTestData(java.lang.String,java.lang.String) throws java.lang.Exception parameters unresolved:  at 0 type class java.lang.String
 at 1 type class java.lang.String
">
      <![CDATA[org.testng.TestNGException: 
Some DataProvider public java.lang.Object[][] com.pgw.qa.testcases.HomePageTest.getPGWTestData(java.lang.String,java.lang.String) throws java.lang.Exception parameters unresolved:  at 0 type class java.lang.String
 at 1 type class java.lang.String

... Removed 23 stack frames]]>
    </failure>
  </testcase> <!-- validatePlaceOrder -->
  <testcase name="productNameTest" time="0.0" classname="com.pgw.qa.testcases.HomePageTest">
    <ignored/>
  </testcase> <!-- productNameTest -->
  <testcase name="quantityTest" time="0.0" classname="com.pgw.qa.testcases.HomePageTest">
    <ignored/>
  </testcase> <!-- quantityTest -->
  <testcase name="paymentLableTest" time="0.0" classname="com.pgw.qa.testcases.PaymentProcessPageTest">
    <ignored/>
  </testcase> <!-- paymentLableTest -->
  <testcase name="paymentProcessTest" time="0.0" classname="com.pgw.qa.testcases.PaymentProcessPageTest">
    <ignored/>
  </testcase> <!-- paymentProcessTest -->
  <testcase name="productCatalogueTest" time="0.0" classname="com.pgw.qa.testcases.HomePageTest">
    <ignored/>
  </testcase> <!-- productCatalogueTest -->
  <testcase name="appLogoTest" time="0.0" classname="com.pgw.qa.testcases.HomePageTest">
    <ignored/>
  </testcase> <!-- appLogoTest -->
  <testcase name="orderIdVisibleTest" time="0.0" classname="com.pgw.qa.testcases.OrderIdPageTest">
    <ignored/>
  </testcase> <!-- orderIdVisibleTest -->
  <testcase name="priceTagTest" time="0.0" classname="com.pgw.qa.testcases.PaymentProcessPageTest">
    <ignored/>
  </testcase> <!-- priceTagTest -->
  <testcase name="buyButtonTest" time="0.0" classname="com.pgw.qa.testcases.HomePageTest">
    <ignored/>
  </testcase> <!-- buyButtonTest -->
  <testcase name="ppTitleTest" time="0.0" classname="com.pgw.qa.testcases.PaymentProcessPageTest">
    <ignored/>
  </testcase> <!-- ppTitleTest -->
  <testcase name="productPriceTest" time="0.0" classname="com.pgw.qa.testcases.HomePageTest">
    <ignored/>
  </testcase> <!-- productPriceTest -->
  <testcase name="verifyOrderIdTest" time="0.0" classname="com.pgw.qa.testcases.OrderIdPageTest">
    <ignored/>
  </testcase> <!-- verifyOrderIdTest -->
  <testcase name="backtoHome" time="0.0" classname="com.pgw.qa.testcases.OrderIdPageTest">
    <ignored/>
  </testcase> <!-- backtoHome -->
  <testcase name="homePageTitleTest" time="0.0" classname="com.pgw.qa.testcases.HomePageTest">
    <ignored/>
  </testcase> <!-- homePageTitleTest -->
  <testcase name="pgwLogoTest" time="0.0" classname="com.pgw.qa.testcases.HomePageTest">
    <ignored/>
  </testcase> <!-- pgwLogoTest -->
  <testcase name="successMsgTest" time="0.0" classname="com.pgw.qa.testcases.OrderIdPageTest">
    <ignored/>
  </testcase> <!-- successMsgTest -->
</testsuite> <!-- Test -->
