<?xml version="1.0" encoding="UTF-8"?>
<!-- Generated by org.testng.reporters.JUnitXMLReporter -->
<testsuite hostname="LAPTOP-VFM9P8ED" ignored="0" name="Test2" tests="4" failures="1" timestamp="25 Nov 2020 05:15:11 GMT" time="54.096" errors="0">
  <testcase name="ppTitleTest" time="3.381" classname="com.pgw.qa.testcases.PaymentProcessPageTest"/>
  <testcase name="paymentLableTest" time="0.723" classname="com.pgw.qa.testcases.PaymentProcessPageTest"/>
  <testcase name="priceTagTest" time="3.825" classname="com.pgw.qa.testcases.PaymentProcessPageTest"/>
  <testcase name="paymentProcessTest" time="0.0" classname="com.pgw.qa.testcases.PaymentProcessPageTest">
    <failure type="org.testng.TestNGException" message="
Cannot inject @Test annotated Method [paymentProcessTest] with [class java.lang.String, class java.lang.String, class java.lang.String].
For more information on native dependency injection please refer to http://testng.org/doc/documentation-main.html#native-dependency-injection">
      <![CDATA[org.testng.TestNGException: 
Cannot inject @Test annotated Method [paymentProcessTest] with [class java.lang.String, class java.lang.String, class java.lang.String].
For more information on native dependency injection please refer to http://testng.org/doc/documentation-main.html#native-dependency-injection
... Removed 28 stack frames]]>
    </failure>
  </testcase> <!-- paymentProcessTest -->
</testsuite> <!-- Test2 -->
