<?xml version="1.0" encoding="UTF-8"?>
<testng-results skipped="0" failed="1" ignored="16" total="19" passed="2">
  <reporter-output>
  </reporter-output>
  <suite name="Suite" duration-ms="147256" started-at="2020-11-22T16:17:11 IST" finished-at="2020-11-22T16:19:39 IST">
    <groups>
      <group name="IntegrationTest">
        <method signature="HomePageTest.validatePlaceOrder(java.lang.String, java.lang.String, java.lang.String)[pri:0, instance:com.pgw.qa.testcases.HomePageTest@78e67e0a]" name="validatePlaceOrder" class="com.pgw.qa.testcases.HomePageTest"/>
      </group> <!-- IntegrationTest -->
    </groups>
    <test name="Test" duration-ms="147256" started-at="2020-11-22T16:17:11 IST" finished-at="2020-11-22T16:19:39 IST">
      <class name="com.pgw.qa.testcases.HomePageTest">
        <test-method status="PASS" signature="setUp()[pri:0, instance:com.pgw.qa.testcases.HomePageTest@78e67e0a]" name="setUp" is-config="true" duration-ms="19094" started-at="2020-11-22T16:17:14 IST" finished-at="2020-11-22T16:17:33 IST">
          <reporter-output>
          </reporter-output>
        </test-method> <!-- setUp -->
        <test-method status="PASS" signature="validatePlaceOrder(java.lang.String, java.lang.String, java.lang.String)[pri:0, instance:com.pgw.qa.testcases.HomePageTest@78e67e0a]" name="validatePlaceOrder" duration-ms="13085" started-at="2020-11-22T16:17:33 IST" data-provider="getPGWTestData" finished-at="2020-11-22T16:17:46 IST">
          <params>
            <param index="0">
              <value>
                <![CDATA[1]]>
              </value>
            </param>
            <param index="1">
              <value>
                <![CDATA[1234567897418523]]>
              </value>
            </param>
            <param index="2">
              <value>
                <![CDATA[333]]>
              </value>
            </param>
          </params>
          <reporter-output>
          </reporter-output>
        </test-method> <!-- validatePlaceOrder -->
        <test-method status="PASS" signature="tearDown()[pri:0, instance:com.pgw.qa.testcases.HomePageTest@78e67e0a]" name="tearDown" is-config="true" duration-ms="770" started-at="2020-11-22T16:17:46 IST" finished-at="2020-11-22T16:17:47 IST">
          <reporter-output>
          </reporter-output>
        </test-method> <!-- tearDown -->
        <test-method status="PASS" signature="setUp()[pri:0, instance:com.pgw.qa.testcases.HomePageTest@78e67e0a]" name="setUp" is-config="true" duration-ms="17783" started-at="2020-11-22T16:17:47 IST" finished-at="2020-11-22T16:18:05 IST">
          <reporter-output>
          </reporter-output>
        </test-method> <!-- setUp -->
        <test-method status="PASS" signature="validatePlaceOrder(java.lang.String, java.lang.String, java.lang.String)[pri:0, instance:com.pgw.qa.testcases.HomePageTest@78e67e0a]" name="validatePlaceOrder" duration-ms="11573" started-at="2020-11-22T16:18:05 IST" data-provider="getPGWTestData" finished-at="2020-11-22T16:18:16 IST">
          <params>
            <param index="0">
              <value>
                <![CDATA[5]]>
              </value>
            </param>
            <param index="1">
              <value>
                <![CDATA[4567891239638521]]>
              </value>
            </param>
            <param index="2">
              <value>
                <![CDATA[222]]>
              </value>
            </param>
          </params>
          <reporter-output>
          </reporter-output>
        </test-method> <!-- validatePlaceOrder -->
        <test-method status="PASS" signature="tearDown()[pri:0, instance:com.pgw.qa.testcases.HomePageTest@78e67e0a]" name="tearDown" is-config="true" duration-ms="711" started-at="2020-11-22T16:18:16 IST" finished-at="2020-11-22T16:18:17 IST">
          <reporter-output>
          </reporter-output>
        </test-method> <!-- tearDown -->
        <test-method status="PASS" signature="setUp()[pri:0, instance:com.pgw.qa.testcases.HomePageTest@78e67e0a]" name="setUp" is-config="true" duration-ms="20327" started-at="2020-11-22T16:18:17 IST" finished-at="2020-11-22T16:18:37 IST">
          <reporter-output>
          </reporter-output>
        </test-method> <!-- setUp -->
        <test-method status="FAIL" signature="validatePlaceOrder(java.lang.String, java.lang.String, java.lang.String)[pri:0, instance:com.pgw.qa.testcases.HomePageTest@78e67e0a]" name="validatePlaceOrder" duration-ms="60387" started-at="2020-11-22T16:18:37 IST" data-provider="getPGWTestData" finished-at="2020-11-22T16:19:38 IST">
          <params>
            <param index="0">
              <value>
                <![CDATA[10]]>
              </value>
            </param>
            <param index="1">
              <value>
                <![CDATA[7894561239638521]]>
              </value>
            </param>
            <param index="2">
              <value>
                <![CDATA[111]]>
              </value>
            </param>
          </params>
          <exception class="org.openqa.selenium.NoSuchElementException">
            <message>
              <![CDATA[Cannot locate option with value: 10
For documentation on this error, please visit: https://selenium.dev/exceptions/#no_such_element
Build info: version: '4.0.0-alpha-4', revision: 'c2d955b49e'
System info: host: 'LAPTOP-VFM9P8ED', ip: '192.168.43.181', os.name: 'Windows 10', os.arch: 'amd64', os.version: '10.0', java.version: '1.8.0_211'
Driver info: driver.version: unknown]]>
            </message>
            <full-stacktrace>
              <![CDATA[org.openqa.selenium.NoSuchElementException: Cannot locate option with value: 10
For documentation on this error, please visit: https://selenium.dev/exceptions/#no_such_element
Build info: version: '4.0.0-alpha-4', revision: 'c2d955b49e'
System info: host: 'LAPTOP-VFM9P8ED', ip: '192.168.43.181', os.name: 'Windows 10', os.arch: 'amd64', os.version: '10.0', java.version: '1.8.0_211'
Driver info: driver.version: unknown
at org.openqa.selenium.support.ui.Select.findOptionsByValue(Select.java:284)
at org.openqa.selenium.support.ui.Select.selectByValue(Select.java:187)
at com.pgw.qa.pages.HomePage.placeOrder(HomePage.java:80)
at com.pgw.qa.testcases.HomePageTest.validatePlaceOrder(HomePageTest.java:72)
at sun.reflect.NativeMethodAccessorImpl.invoke0(Native Method)
at sun.reflect.NativeMethodAccessorImpl.invoke(NativeMethodAccessorImpl.java:62)
at sun.reflect.DelegatingMethodAccessorImpl.invoke(DelegatingMethodAccessorImpl.java:43)
at java.lang.reflect.Method.invoke(Method.java:498)
at org.testng.internal.MethodInvocationHelper.invokeMethod(MethodInvocationHelper.java:133)
at org.testng.internal.TestInvoker.invokeMethod(TestInvoker.java:584)
at org.testng.internal.TestInvoker.invokeTestMethod(TestInvoker.java:172)
at org.testng.internal.MethodRunner.runInSequence(MethodRunner.java:46)
at org.testng.internal.TestInvoker$MethodInvocationAgent.invoke(TestInvoker.java:804)
at org.testng.internal.TestInvoker.invokeTestMethods(TestInvoker.java:145)
at org.testng.internal.TestMethodWorker.invokeTestMethods(TestMethodWorker.java:146)
at org.testng.internal.TestMethodWorker.run(TestMethodWorker.java:128)
at java.util.ArrayList.forEach(ArrayList.java:1257)
at org.testng.TestRunner.privateRun(TestRunner.java:770)
at org.testng.TestRunner.run(TestRunner.java:591)
at org.testng.SuiteRunner.runTest(SuiteRunner.java:402)
at org.testng.SuiteRunner.runSequentially(SuiteRunner.java:396)
at org.testng.SuiteRunner.privateRun(SuiteRunner.java:355)
at org.testng.SuiteRunner.run(SuiteRunner.java:304)
at org.testng.SuiteRunnerWorker.runSuite(SuiteRunnerWorker.java:53)
at org.testng.SuiteRunnerWorker.run(SuiteRunnerWorker.java:96)
at org.testng.TestNG.runSuitesSequentially(TestNG.java:1180)
at org.testng.TestNG.runSuitesLocally(TestNG.java:1102)
at org.testng.TestNG.runSuites(TestNG.java:1032)
at org.testng.TestNG.run(TestNG.java:1000)
at org.testng.remote.AbstractRemoteTestNG.run(AbstractRemoteTestNG.java:115)
at org.testng.remote.RemoteTestNG.initAndRun(RemoteTestNG.java:251)
at org.testng.remote.RemoteTestNG.main(RemoteTestNG.java:77)
]]>
            </full-stacktrace>
          </exception> <!-- org.openqa.selenium.NoSuchElementException -->
          <reporter-output>
          </reporter-output>
        </test-method> <!-- validatePlaceOrder -->
        <test-method status="PASS" signature="tearDown()[pri:0, instance:com.pgw.qa.testcases.HomePageTest@78e67e0a]" name="tearDown" is-config="true" duration-ms="778" started-at="2020-11-22T16:19:38 IST" finished-at="2020-11-22T16:19:39 IST">
          <reporter-output>
          </reporter-output>
        </test-method> <!-- tearDown -->
      </class> <!-- com.pgw.qa.testcases.HomePageTest -->
    </test> <!-- Test -->
  </suite> <!-- Suite -->
</testng-results>
